<?xml version="1.0" encoding="UTF-8"?>
<!-- Generated by org.testng.reporters.JUnitReportReporter -->
<testsuite hostname="DESKTOP-TJ3BED7" name="sep7.PrimusD" tests="4" failures="0" timestamp="10 Sep 2022 10:42:48 GMT" time="104.024" errors="0">
  <testcase name="users" time="16.319" classname="sep7.PrimusD"/>
  <testcase name="employees" time="13.778" classname="sep7.PrimusD"/>
  <testcase name="roles" time="19.453" classname="sep7.PrimusD"/>
  <testcase name="branches" time="54.474" classname="sep7.PrimusD"/>
</testsuite> <!-- sep7.PrimusD -->
