<?xml version="1.0" encoding="UTF-8"?>
<!-- Generated by org.testng.reporters.JUnitReportReporter -->
<testsuite hostname="DESKTOP-TJ3BED7" name="sep7.Faceebok" tests="8" failures="0" timestamp="8 Sep 2022 11:00:43 GMT" time="6.142" errors="0">
  <testcase name="videos" time="0.216" classname="sep7.Faceebok"/>
  <testcase name="videos" time="0.406" classname="sep7.Faceebok"/>
  <testcase name="home" time="0.182" classname="sep7.Faceebok"/>
  <testcase name="videos" time="0.171" classname="sep7.Faceebok"/>
  <testcase name="friends" time="0.149" classname="sep7.Faceebok"/>
  <testcase name="friends" time="4.717" classname="sep7.Faceebok"/>
  <testcase name="videos" time="0.117" classname="sep7.Faceebok"/>
  <testcase name="videos" time="0.184" classname="sep7.Faceebok"/>
</testsuite> <!-- sep7.Faceebok -->
