<?xml version="1.0" encoding="UTF-8"?>
<!-- Generated by org.testng.reporters.JUnitReportReporter -->
<testsuite hostname="DESKTOP-TJ3BED7" name="sep6.Annotations" tests="6" failures="0" timestamp="8 Sep 2022 10:52:49 GMT" time="3.627" errors="0">
  <testcase name="employee" time="0.652" classname="sep6.Annotations"/>
  <testcase name="employee" time="0.480" classname="sep6.Annotations"/>
  <testcase name="employee" time="0.598" classname="sep6.Annotations"/>
  <testcase name="home" time="0.505" classname="sep6.Annotations"/>
  <testcase name="employee" time="0.809" classname="sep6.Annotations"/>
  <testcase name="employee" time="0.583" classname="sep6.Annotations"/>
</testsuite> <!-- sep6.Annotations -->
