<?xml version="1.0" encoding="UTF-8"?>
<!-- Generated by org.testng.reporters.JUnitReportReporter -->
<testsuite hostname="DESKTOP-TJ3BED7" name="sep7.Calculation" tests="2" failures="0" timestamp="8 Sep 2022 10:54:02 GMT" time="22.433" errors="0">
  <testcase name="addition" time="3.140" classname="sep7.Calculation"/>
  <testcase name="multiplication" time="19.293" classname="sep7.Calculation"/>
</testsuite> <!-- sep7.Calculation -->
