<?xml version="1.0" encoding="UTF-8"?>
<!-- Generated by org.testng.reporters.JUnitReportReporter -->
<testsuite hostname="DESKTOP-TJ3BED7" name="sep8.Facebookk" tests="1" failures="0" timestamp="11 Sep 2022 13:20:39 GMT" time="5.484" errors="0">
  <testcase name="login" time="5.484" classname="sep8.Facebookk"/>
</testsuite> <!-- sep8.Facebookk -->
